[2025-09-29 11:05:19] ==========================================
[2025-09-29 11:05:19] 开始重新构建单个服务: gateway-resource
[2025-09-29 11:05:19] ==========================================
[2025-09-29 11:05:19] 步骤1: 检查服务当前状态
NAME               IMAGE                                                   COMMAND                SERVICE            CREATED      STATUS                PORTS
gateway-resource   shop-goframe-micro-service-refacotor-gateway-resource   "./gateway-resource"   gateway-resource   2 days ago   Up 2 days (healthy)   0.0.0.0:8399->8399/tcp, :::8399->8399/tcp
[2025-09-29 11:05:19] 停止 gateway-resource 服务...
 Container gateway-resource  Stopping
 Container gateway-resource  Stopped
[2025-09-29 11:05:20] ✅ gateway-resource 服务停止成功
[2025-09-29 11:05:20] 查找 gateway-resource 相关的镜像...
[2025-09-29 11:05:20] 没有找到 gateway-resource 相关的镜像需要清理
[2025-09-29 11:05:20] 构建 gateway-resource 服务...
[2025-09-29 11:09:06] ✅ gateway-resource 服务构建成功
[2025-09-29 11:09:06] 启动 gateway-resource 服务...
 Container etcd  Running
 Container gateway-resource  Recreate
 Container gateway-resource  Recreated
 Container etcd  Waiting
 Container etcd  Healthy
 Container gateway-resource  Starting
 Container gateway-resource  Started
[2025-09-29 11:09:08] ✅ gateway-resource 服务启动成功
[2025-09-29 11:09:08] 步骤6: 等待服务启动...
[2025-09-29 11:09:23] 步骤7: 最终状态检查
NAME               IMAGE                                                   COMMAND                SERVICE            CREATED          STATUS                             PORTS
gateway-resource   shop-goframe-micro-service-refacotor-gateway-resource   "./gateway-resource"   gateway-resource   17 seconds ago   Up 15 seconds (health: starting)   0.0.0.0:8399->8399/tcp, :::8399->8399/tcp
[2025-09-29 11:09:23] ⚠️  健康检查失败: http://localhost:8399/
