[2025-09-25 12:36:46] ==========================================
[2025-09-25 12:36:46] 开始重新构建单个服务: user-service
[2025-09-25 12:36:46] ==========================================
[2025-09-25 12:36:46] 步骤1: 检查服务当前状态
NAME           IMAGE                                               COMMAND    SERVICE        CREATED       STATUS                   PORTS
user-service   shop-goframe-micro-service-refacotor-user-service   "./user"   user-service   2 hours ago   Up 2 hours (unhealthy)   0.0.0.0:31001->31001/tcp, :::31001->31001/tcp
[2025-09-25 12:36:47] 停止 user-service 服务...
time="2025-09-25T12:36:47+08:00" level=warning msg="/home/shop-goframe-micro-service-refacotor/docker-compose.prod.yml: `version` is obsolete"
 Container user-service  Stopping
 Container user-service  Stopped
[2025-09-25 12:36:48] ✅ user-service 服务停止成功
[2025-09-25 12:36:48] 查找 user-service 相关的镜像...
[2025-09-25 12:36:48] 没有找到 user-service 相关的镜像需要清理
[2025-09-25 12:36:48] 构建 user-service 服务...
time="2025-09-25T12:36:48+08:00" level=warning msg="/home/shop-goframe-micro-service-refacotor/docker-compose.prod.yml: `version` is obsolete"
[2025-09-25 12:39:28] ✅ user-service 服务构建成功
[2025-09-25 12:39:28] 启动 user-service 服务...
time="2025-09-25T12:39:28+08:00" level=warning msg="/home/shop-goframe-micro-service-refacotor/docker-compose.prod.yml: `version` is obsolete"
 Container etcd  Running
 Container mysql  Running
 Container user-service  Recreate
 Container user-service  Recreated
 Container etcd  Waiting
 Container mysql  Waiting
 Container etcd  Healthy
 Container mysql  Healthy
 Container user-service  Starting
 Container user-service  Started
[2025-09-25 12:39:29] ✅ user-service 服务启动成功
[2025-09-25 12:39:29] 步骤6: 等待服务启动...
[2025-09-25 12:39:44] 步骤7: 最终状态检查
NAME           IMAGE                                               COMMAND    SERVICE        CREATED          STATUS                             PORTS
user-service   shop-goframe-micro-service-refacotor-user-service   "./user"   user-service   17 seconds ago   Up 15 seconds (health: starting)   0.0.0.0:31001->31001/tcp, :::31001->31001/tcp
[2025-09-25 12:39:45] ✅ 健康检查通过: http://localhost:31001/
