[2025-10-14 09:12:10] ==========================================
[2025-10-14 09:12:10] 开始重新构建单个服务: search-service
[2025-10-14 09:12:10] ==========================================
[2025-10-14 09:12:10] 步骤1: 检查服务当前状态
NAME             IMAGE                                                 COMMAND      SERVICE          CREATED         STATUS                   PORTS
search-service   shop-goframe-micro-service-refacotor-search-service   "./search"   search-service   8 minutes ago   Up 8 minutes (healthy)   0.0.0.0:8499->8499/tcp, :::8499->8499/tcp
[2025-10-14 09:12:10] 停止 search-service 服务...
 Container search-service  Stopping
 Container search-service  Stopped
[2025-10-14 09:12:11] ✅ search-service 服务停止成功
[2025-10-14 09:12:11] 清理 search-service 相关的容器...
[2025-10-14 09:12:11] 查找 search-service 相关的镜像...
[2025-10-14 09:12:11] 找到以下相关镜像，将被删除：
shop-goframe-micro-service-refacotor-search-service:latest
[2025-10-14 09:12:11] 删除镜像: shop-goframe-micro-service-refacotor-search-service:latest
[2025-10-14 09:12:11] ✅ 镜像删除成功: shop-goframe-micro-service-refacotor-search-service:latest
[2025-10-14 09:12:11] 构建 search-service 服务...
[2025-10-14 09:18:01] ✅ search-service 服务构建成功
[2025-10-14 09:18:01] 启动 search-service 服务...
 Container elasticsearch  Running
 Container etcd  Running
 Container mysql  Running
 Container search-service  Creating
 Container search-service  Created
 Container elasticsearch  Waiting
 Container mysql  Waiting
 Container etcd  Waiting
 Container mysql  Healthy
 Container etcd  Healthy
 Container elasticsearch  Healthy
 Container search-service  Starting
 Container search-service  Started
[2025-10-14 09:18:02] ✅ search-service 服务启动成功
[2025-10-14 09:18:02] 步骤6: 等待服务启动...
[2025-10-14 09:18:17] 步骤7: 最终状态检查
NAME             IMAGE                                                 COMMAND      SERVICE          CREATED          STATUS                             PORTS
search-service   shop-goframe-micro-service-refacotor-search-service   "./search"   search-service   17 seconds ago   Up 15 seconds (health: starting)   0.0.0.0:8499->8499/tcp, :::8499->8499/tcp
[2025-10-14 09:18:18] ⚠️  健康检查失败: http://localhost:8499/
