[2025-09-25 22:31:28] ==========================================
[2025-09-25 22:31:28] 开始重新构建单个服务: manage-service
[2025-09-25 22:31:28] ==========================================
[2025-09-25 22:31:28] 步骤1: 检查服务当前状态
NAME             IMAGE                                                 COMMAND    SERVICE          CREATED         STATUS                     PORTS
manage-service   shop-goframe-micro-service-refacotor-manage-service   "./main"   manage-service   3 minutes ago   Up 3 minutes (unhealthy)   0.0.0.0:8808->8808/tcp, :::8808->8808/tcp
[2025-09-25 22:31:29] 停止 manage-service 服务...
time="2025-09-25T22:31:29+08:00" level=warning msg="/home/shop-goframe-micro-service-refacotor/docker-compose.prod.yml: `version` is obsolete"
 Container manage-service  Stopping
 Container manage-service  Stopped
[2025-09-25 22:31:29] ✅ manage-service 服务停止成功
[2025-09-25 22:31:29] 查找 manage-service 相关的镜像...
[2025-09-25 22:31:29] 没有找到 manage-service 相关的镜像需要清理
[2025-09-25 22:31:29] 构建 manage-service 服务...
time="2025-09-25T22:31:29+08:00" level=warning msg="/home/shop-goframe-micro-service-refacotor/docker-compose.prod.yml: `version` is obsolete"
[2025-09-25 22:39:33] ✅ manage-service 服务构建成功
[2025-09-25 22:39:33] 启动 manage-service 服务...
time="2025-09-25T22:39:33+08:00" level=warning msg="/home/shop-goframe-micro-service-refacotor/docker-compose.prod.yml: `version` is obsolete"
 Container mysql  Running
 Container redis  Running
 Container manage-service  Recreate
 Container manage-service  Recreated
 Container mysql  Waiting
 Container redis  Waiting
 Container mysql  Healthy
 Container redis  Healthy
 Container manage-service  Starting
 Container manage-service  Started
[2025-09-25 22:39:34] ✅ manage-service 服务启动成功
[2025-09-25 22:39:34] 步骤6: 等待服务启动...
[2025-09-25 22:39:49] 步骤7: 最终状态检查
NAME             IMAGE                                                 COMMAND    SERVICE          CREATED          STATUS                             PORTS
manage-service   shop-goframe-micro-service-refacotor-manage-service   "./main"   manage-service   16 seconds ago   Up 15 seconds (health: starting)   0.0.0.0:8808->8808/tcp, :::8808->8808/tcp
[2025-09-25 22:39:49] ⚠️  健康检查失败: http://localhost:8808/
