[2025-10-10 20:50:23] ==========================================
[2025-10-10 20:50:23] 开始重新构建单个服务: gateway-resource
[2025-10-10 20:50:23] ==========================================
[2025-10-10 20:50:23] 步骤1: 检查服务当前状态
NAME               IMAGE                                                   COMMAND                SERVICE            CREATED        STATUS                  PORTS
gateway-resource   shop-goframe-micro-service-refacotor-gateway-resource   "./gateway-resource"   gateway-resource   22 hours ago   Up 22 hours (healthy)   0.0.0.0:8399->8399/tcp, :::8399->8399/tcp
[2025-10-10 20:50:23] 停止 gateway-resource 服务...
 Container gateway-resource  Stopping
 Container gateway-resource  Stopped
[2025-10-10 20:50:23] ✅ gateway-resource 服务停止成功
[2025-10-10 20:50:23] 查找 gateway-resource 相关的镜像...
[2025-10-10 20:50:24] 找到以下相关镜像，将被删除：
shop-goframe-micro-service-refacotor-gateway-resource:latest
[2025-10-10 20:50:24] 删除镜像: shop-goframe-micro-service-refacotor-gateway-resource:latest
[2025-10-10 20:50:24] 无法删除镜像 shop-goframe-micro-service-refacotor-gateway-resource:latest（可能正在被使用）
[2025-10-10 20:50:24] 构建 gateway-resource 服务...
[2025-10-10 20:53:09] ✅ gateway-resource 服务构建成功
[2025-10-10 20:53:09] 启动 gateway-resource 服务...
 Container etcd  Running
 Container gateway-resource  Recreate
 Container gateway-resource  Recreated
 Container etcd  Waiting
 Container etcd  Healthy
 Container gateway-resource  Starting
 Container gateway-resource  Started
[2025-10-10 20:53:11] ✅ gateway-resource 服务启动成功
[2025-10-10 20:53:11] 步骤6: 等待服务启动...
[2025-10-10 20:53:26] 步骤7: 最终状态检查
NAME               IMAGE                                                   COMMAND                SERVICE            CREATED          STATUS                             PORTS
gateway-resource   shop-goframe-micro-service-refacotor-gateway-resource   "./gateway-resource"   gateway-resource   16 seconds ago   Up 15 seconds (health: starting)   0.0.0.0:8399->8399/tcp, :::8399->8399/tcp
[2025-10-10 20:53:26] ⚠️  健康检查失败: http://localhost:8399/
