[2025-10-11 21:25:45] ==========================================
[2025-10-11 21:25:45] 开始重新构建单个服务: goods-service
[2025-10-11 21:25:45] ==========================================
[2025-10-11 21:25:45] 步骤1: 检查服务当前状态
NAME            IMAGE                                                COMMAND     SERVICE         CREATED          STATUS                    PORTS
goods-service   shop-goframe-micro-service-refacotor-goods-service   "./goods"   goods-service   24 minutes ago   Up 23 minutes (healthy)   0.0.0.0:31004->31004/tcp, :::31004->31004/tcp
[2025-10-11 21:25:45] 停止 goods-service 服务...
 Container goods-service  Stopping
 Container goods-service  Stopped
[2025-10-11 21:25:47] ✅ goods-service 服务停止成功
[2025-10-11 21:25:47] 清理 goods-service 相关的容器...
[2025-10-11 21:25:47] 查找 goods-service 相关的镜像...
[2025-10-11 21:25:47] 找到以下相关镜像，将被删除：
shop-goframe-micro-service-refacotor-goods-service:latest
[2025-10-11 21:25:47] 删除镜像: shop-goframe-micro-service-refacotor-goods-service:latest
[2025-10-11 21:25:47] ✅ 镜像删除成功: shop-goframe-micro-service-refacotor-goods-service:latest
[2025-10-11 21:25:47] 构建 goods-service 服务...
[2025-10-11 21:31:07] ✅ goods-service 服务构建成功
[2025-10-11 21:31:07] 启动 goods-service 服务...
 Container redis  Running
 Container etcd  Running
 Container mysql  Running
 Container goods-service  Creating
 Container goods-service  Created
 Container mysql  Waiting
 Container redis  Waiting
 Container etcd  Waiting
 Container etcd  Healthy
 Container redis  Healthy
 Container mysql  Healthy
 Container goods-service  Starting
 Container goods-service  Started
[2025-10-11 21:31:08] ✅ goods-service 服务启动成功
[2025-10-11 21:31:08] 步骤6: 等待服务启动...
[2025-10-11 21:31:23] 步骤7: 最终状态检查
NAME            IMAGE                                                COMMAND     SERVICE         CREATED          STATUS                             PORTS
goods-service   shop-goframe-micro-service-refacotor-goods-service   "./goods"   goods-service   17 seconds ago   Up 15 seconds (health: starting)   0.0.0.0:31004->31004/tcp, :::31004->31004/tcp
[2025-10-11 21:31:24] ✅ 健康检查通过: http://localhost:31004/
