[2025-09-27 00:06:36] ==========================================
[2025-09-27 00:06:36] 商城微服务系统 - 重新构建所有服务器脚本
[2025-09-27 00:06:36] 使用 Docker Compose V2 (docker compose)
[2025-09-27 00:06:36] ==========================================
[2025-09-27 00:06:36] [1/6] 停止所有服务...
[2025-09-27 00:07:00] ✅ 所有服务已停止
[2025-09-27 00:07:00] [2/6] 获取服务列表...
[2025-09-27 00:07:00] 需要处理的服务: etcd
gateway-h5
elasticsearch
kibana
mysql
search-service
user-service
redis
goods-service
manage-service
nginx-proxy
rabbitmq
order-service
banner-service
gateway-resource
interaction-service
mysql-backup
[2025-09-27 00:07:00] [3/6] 清理相关镜像...
[2025-09-27 00:07:00] 删除镜像: quay.io/coreos/etcd:v3.5.0
[2025-09-27 00:07:01] 服务 gateway-h5 使用本地构建
[2025-09-27 00:07:02] 服务 search-service 使用本地构建
[2025-09-27 00:07:03] 服务 user-service 使用本地构建
[2025-09-27 00:07:03] 服务 goods-service 使用本地构建
[2025-09-27 00:07:04] 服务 manage-service 使用本地构建
[2025-09-27 00:07:04] 服务 order-service 使用本地构建
[2025-09-27 00:07:05] 服务 banner-service 使用本地构建
[2025-09-27 00:07:05] 服务 gateway-resource 使用本地构建
[2025-09-27 00:07:05] 服务 interaction-service 使用本地构建
[2025-09-27 00:07:06] 清理悬空镜像...
[2025-09-27 00:07:06] [4/6] 重新构建所有镜像...
