2025-08-14 11:54:11.817 [INFO] 公众号：王中阳：gateway-h5 swagger ui is serving at address: http://127.0.0.1:8199/swagger/
2025-08-14 11:54:11.817 [INFO] 公众号：王中阳：gateway-h5 pid[10792]: http server started listening on [:8199]
2025-08-14 11:54:11.818 [INFO] 公众号：王中阳：gateway-h5 openapi specification is serving at address: http://127.0.0.1:8199/api.json
2025-08-14 11:54:11.836 [DEBU] 公众号：王中阳：gateway-h5 service register: &{Head: Deployment: Namespace: Name:default Version: Endpoints:192.168.1.11:8199,172.31.128.1:8199,172.26.96.1:8199 Metadata:map[insecure:true protocol:http]}

  ADDRESS | METHOD |             ROUTE              |                                                       HANDLER                                                       |           MIDDLEWARE             
----------|--------|--------------------------------|---------------------------------------------------------------------------------------------------------------------|----------------------------------
  :8199   | ALL    | /*                             | shop-goframe-micro-service-refacotor/utility/middleware.MiddlewareCORS                                              | GLOBAL MIDDLEWARE                
----------|--------|--------------------------------|---------------------------------------------------------------------------------------------------------------------|----------------------------------
  :8199   | ALL    | /api.json                      | github.com/gogf/gf/v2/net/ghttp.(*Server).openapiSpec                                                               |                                  
----------|--------|--------------------------------|---------------------------------------------------------------------------------------------------------------------|----------------------------------
  :8199   | DELETE | /frontend/consignee            | shop-goframe-micro-service-refacotor/app/gateway-h5/internal/controller/user.(*ControllerV1).ConsigneeInfoDelete    | ghttp.MiddlewareHandlerResponse  
----------|--------|--------------------------------|---------------------------------------------------------------------------------------------------------------------|----------------------------------
  :8199   | GET    | /frontend/consignee            | shop-goframe-micro-service-refacotor/app/gateway-h5/internal/controller/user.(*ControllerV1).ConsigneeInfoGetList   | ghttp.MiddlewareHandlerResponse  
----------|--------|--------------------------------|---------------------------------------------------------------------------------------------------------------------|----------------------------------
  :8199   | POST   | /frontend/consignee            | shop-goframe-micro-service-refacotor/app/gateway-h5/internal/controller/user.(*ControllerV1).ConsigneeInfoCreate    | ghttp.MiddlewareHandlerResponse  
----------|--------|--------------------------------|---------------------------------------------------------------------------------------------------------------------|----------------------------------
  :8199   | PUT    | /frontend/consignee            | shop-goframe-micro-service-refacotor/app/gateway-h5/internal/controller/user.(*ControllerV1).ConsigneeInfoUpdate    | ghttp.MiddlewareHandlerResponse  
----------|--------|--------------------------------|---------------------------------------------------------------------------------------------------------------------|----------------------------------
  :8199   | GET    | /frontend/user/info            | shop-goframe-micro-service-refacotor/app/gateway-h5/internal/controller/user.(*ControllerV1).UserInfo               | ghttp.MiddlewareHandlerResponse  
----------|--------|--------------------------------|---------------------------------------------------------------------------------------------------------------------|----------------------------------
  :8199   | POST   | /frontend/user/login           | shop-goframe-micro-service-refacotor/app/gateway-h5/internal/controller/user.(*ControllerV1).UserInfoLogin          | ghttp.MiddlewareHandlerResponse  
----------|--------|--------------------------------|---------------------------------------------------------------------------------------------------------------------|----------------------------------
  :8199   | POST   | /frontend/user/register        | shop-goframe-micro-service-refacotor/app/gateway-h5/internal/controller/user.(*ControllerV1).UserInfoRegister       | ghttp.MiddlewareHandlerResponse  
----------|--------|--------------------------------|---------------------------------------------------------------------------------------------------------------------|----------------------------------
  :8199   | PUT    | /frontend/user/update/password | shop-goframe-micro-service-refacotor/app/gateway-h5/internal/controller/user.(*ControllerV1).UserInfoUpdatePassword | ghttp.MiddlewareHandlerResponse  
----------|--------|--------------------------------|---------------------------------------------------------------------------------------------------------------------|----------------------------------
  :8199   | ALL    | /swagger/*                     | github.com/gogf/gf/v2/net/ghttp.(*Server).swaggerUI                                                                 | HOOK_BEFORE_SERVE                
----------|--------|--------------------------------|---------------------------------------------------------------------------------------------------------------------|----------------------------------

2025-08-14 11:55:44.516 [INFO] 公众号：王中阳：gateway-h5 swagger ui is serving at address: http://127.0.0.1:8199/swagger/
2025-08-14 11:55:44.516 [INFO] 公众号：王中阳：gateway-h5 pid[20092]: http server started listening on [:8199]
2025-08-14 11:55:44.516 [INFO] 公众号：王中阳：gateway-h5 openapi specification is serving at address: http://127.0.0.1:8199/api.json
2025-08-14 11:55:44.533 [DEBU] 公众号：王中阳：gateway-h5 service register: &{Head: Deployment: Namespace: Name:default Version: Endpoints:192.168.1.11:8199,172.31.128.1:8199,172.26.96.1:8199 Metadata:map[insecure:true protocol:http]}

  ADDRESS | METHOD |             ROUTE              |                                                       HANDLER                                                       |           MIDDLEWARE             
----------|--------|--------------------------------|---------------------------------------------------------------------------------------------------------------------|----------------------------------
  :8199   | ALL    | /*                             | shop-goframe-micro-service-refacotor/utility/middleware.MiddlewareCORS                                              | GLOBAL MIDDLEWARE                
----------|--------|--------------------------------|---------------------------------------------------------------------------------------------------------------------|----------------------------------
  :8199   | ALL    | /api.json                      | github.com/gogf/gf/v2/net/ghttp.(*Server).openapiSpec                                                               |                                  
----------|--------|--------------------------------|---------------------------------------------------------------------------------------------------------------------|----------------------------------
  :8199   | DELETE | /frontend/consignee            | shop-goframe-micro-service-refacotor/app/gateway-h5/internal/controller/user.(*ControllerV1).ConsigneeInfoDelete    | ghttp.MiddlewareHandlerResponse  
----------|--------|--------------------------------|---------------------------------------------------------------------------------------------------------------------|----------------------------------
  :8199   | GET    | /frontend/consignee            | shop-goframe-micro-service-refacotor/app/gateway-h5/internal/controller/user.(*ControllerV1).ConsigneeInfoGetList   | ghttp.MiddlewareHandlerResponse  
----------|--------|--------------------------------|---------------------------------------------------------------------------------------------------------------------|----------------------------------
  :8199   | POST   | /frontend/consignee            | shop-goframe-micro-service-refacotor/app/gateway-h5/internal/controller/user.(*ControllerV1).ConsigneeInfoCreate    | ghttp.MiddlewareHandlerResponse  
----------|--------|--------------------------------|---------------------------------------------------------------------------------------------------------------------|----------------------------------
  :8199   | PUT    | /frontend/consignee            | shop-goframe-micro-service-refacotor/app/gateway-h5/internal/controller/user.(*ControllerV1).ConsigneeInfoUpdate    | ghttp.MiddlewareHandlerResponse  
----------|--------|--------------------------------|---------------------------------------------------------------------------------------------------------------------|----------------------------------
  :8199   | GET    | /frontend/user/info            | shop-goframe-micro-service-refacotor/app/gateway-h5/internal/controller/user.(*ControllerV1).UserInfo               | ghttp.MiddlewareHandlerResponse  
----------|--------|--------------------------------|---------------------------------------------------------------------------------------------------------------------|----------------------------------
  :8199   | POST   | /frontend/user/login           | shop-goframe-micro-service-refacotor/app/gateway-h5/internal/controller/user.(*ControllerV1).UserInfoLogin          | ghttp.MiddlewareHandlerResponse  
----------|--------|--------------------------------|---------------------------------------------------------------------------------------------------------------------|----------------------------------
  :8199   | POST   | /frontend/user/register        | shop-goframe-micro-service-refacotor/app/gateway-h5/internal/controller/user.(*ControllerV1).UserInfoRegister       | ghttp.MiddlewareHandlerResponse  
----------|--------|--------------------------------|---------------------------------------------------------------------------------------------------------------------|----------------------------------
  :8199   | PUT    | /frontend/user/update/password | shop-goframe-micro-service-refacotor/app/gateway-h5/internal/controller/user.(*ControllerV1).UserInfoUpdatePassword | ghttp.MiddlewareHandlerResponse  
----------|--------|--------------------------------|---------------------------------------------------------------------------------------------------------------------|----------------------------------
  :8199   | ALL    | /swagger/*                     | github.com/gogf/gf/v2/net/ghttp.(*Server).swaggerUI                                                                 | HOOK_BEFORE_SERVE                
----------|--------|--------------------------------|---------------------------------------------------------------------------------------------------------------------|----------------------------------

2025-08-14 11:56:02.432 [DEBU] 公众号：王中阳：gateway-h5 service deregister: &{Service:0xc00029a000 Endpoints:192.168.1.11:8199,172.31.128.1:8199,172.26.96.1:8199 Metadata:map[insecure:true protocol:http]}
2025-08-14 11:56:02.436 [INFO] 公众号：王中阳：gateway-h5 pid[20092]: all servers shutdown
2025-08-14 11:58:37.233 [INFO] 公众号：王中阳：gateway-h5 swagger ui is serving at address: http://127.0.0.1:8199/swagger/
2025-08-14 11:58:37.233 [INFO] 公众号：王中阳：gateway-h5 pid[3604]: http server started listening on [:8199]
2025-08-14 11:58:37.233 [INFO] 公众号：王中阳：gateway-h5 openapi specification is serving at address: http://127.0.0.1:8199/api.json
2025-08-14 11:58:37.244 [DEBU] 公众号：王中阳：gateway-h5 service register: &{Head: Deployment: Namespace: Name:default Version: Endpoints:192.168.1.11:8199,172.31.128.1:8199,172.26.96.1:8199 Metadata:map[insecure:true protocol:http]}

  ADDRESS | METHOD |             ROUTE              |                                                       HANDLER                                                       |           MIDDLEWARE             
----------|--------|--------------------------------|---------------------------------------------------------------------------------------------------------------------|----------------------------------
  :8199   | ALL    | /*                             | shop-goframe-micro-service-refacotor/utility/middleware.MiddlewareCORS                                              | GLOBAL MIDDLEWARE                
----------|--------|--------------------------------|---------------------------------------------------------------------------------------------------------------------|----------------------------------
  :8199   | ALL    | /api.json                      | github.com/gogf/gf/v2/net/ghttp.(*Server).openapiSpec                                                               |                                  
----------|--------|--------------------------------|---------------------------------------------------------------------------------------------------------------------|----------------------------------
  :8199   | DELETE | /frontend/consignee            | shop-goframe-micro-service-refacotor/app/gateway-h5/internal/controller/user.(*ControllerV1).ConsigneeInfoDelete    | ghttp.MiddlewareHandlerResponse  
----------|--------|--------------------------------|---------------------------------------------------------------------------------------------------------------------|----------------------------------
  :8199   | GET    | /frontend/consignee            | shop-goframe-micro-service-refacotor/app/gateway-h5/internal/controller/user.(*ControllerV1).ConsigneeInfoGetList   | ghttp.MiddlewareHandlerResponse  
----------|--------|--------------------------------|---------------------------------------------------------------------------------------------------------------------|----------------------------------
  :8199   | POST   | /frontend/consignee            | shop-goframe-micro-service-refacotor/app/gateway-h5/internal/controller/user.(*ControllerV1).ConsigneeInfoCreate    | ghttp.MiddlewareHandlerResponse  
----------|--------|--------------------------------|---------------------------------------------------------------------------------------------------------------------|----------------------------------
  :8199   | PUT    | /frontend/consignee            | shop-goframe-micro-service-refacotor/app/gateway-h5/internal/controller/user.(*ControllerV1).ConsigneeInfoUpdate    | ghttp.MiddlewareHandlerResponse  
----------|--------|--------------------------------|---------------------------------------------------------------------------------------------------------------------|----------------------------------
  :8199   | GET    | /frontend/user/info            | shop-goframe-micro-service-refacotor/app/gateway-h5/internal/controller/user.(*ControllerV1).UserInfo               | ghttp.MiddlewareHandlerResponse  
----------|--------|--------------------------------|---------------------------------------------------------------------------------------------------------------------|----------------------------------
  :8199   | POST   | /frontend/user/login           | shop-goframe-micro-service-refacotor/app/gateway-h5/internal/controller/user.(*ControllerV1).UserInfoLogin          | ghttp.MiddlewareHandlerResponse  
----------|--------|--------------------------------|---------------------------------------------------------------------------------------------------------------------|----------------------------------
  :8199   | POST   | /frontend/user/register        | shop-goframe-micro-service-refacotor/app/gateway-h5/internal/controller/user.(*ControllerV1).UserInfoRegister       | ghttp.MiddlewareHandlerResponse  
----------|--------|--------------------------------|---------------------------------------------------------------------------------------------------------------------|----------------------------------
  :8199   | PUT    | /frontend/user/update/password | shop-goframe-micro-service-refacotor/app/gateway-h5/internal/controller/user.(*ControllerV1).UserInfoUpdatePassword | ghttp.MiddlewareHandlerResponse  
----------|--------|--------------------------------|---------------------------------------------------------------------------------------------------------------------|----------------------------------
  :8199   | ALL    | /swagger/*                     | github.com/gogf/gf/v2/net/ghttp.(*Server).swaggerUI                                                                 | HOOK_BEFORE_SERVE                
----------|--------|--------------------------------|---------------------------------------------------------------------------------------------------------------------|----------------------------------

2025-08-14 14:35:29.649 [DEBU] 公众号：王中阳：gateway-h5 service deregister: &{Service:0xc00033d8f0 Endpoints:192.168.1.11:8199,172.31.128.1:8199,172.26.96.1:8199 Metadata:map[insecure:true protocol:http]}
2025-08-14 14:35:29.654 [INFO] 公众号：王中阳：gateway-h5 pid[3604]: all servers shutdown
2025-08-14 15:42:56.200 [INFO] 公众号：王中阳：gateway-h5 swagger ui is serving at address: http://127.0.0.1:8199/swagger/
2025-08-14 15:42:56.200 [INFO] 公众号：王中阳：gateway-h5 pid[14220]: http server started listening on [:8199]
2025-08-14 15:42:56.201 [INFO] 公众号：王中阳：gateway-h5 openapi specification is serving at address: http://127.0.0.1:8199/api.json
2025-08-14 15:42:56.212 [DEBU] 公众号：王中阳：gateway-h5 service register: &{Head: Deployment: Namespace: Name:default Version: Endpoints:192.168.1.11:8199,172.31.128.1:8199,172.26.96.1:8199 Metadata:map[insecure:true protocol:http]}

  ADDRESS | METHOD |             ROUTE              |                                                          HANDLER                                                          |           MIDDLEWARE             
----------|--------|--------------------------------|---------------------------------------------------------------------------------------------------------------------------|----------------------------------
  :8199   | ALL    | /*                             | shop-goframe-micro-service-refacotor/utility/middleware.MiddlewareCORS                                                    | GLOBAL MIDDLEWARE                
----------|--------|--------------------------------|---------------------------------------------------------------------------------------------------------------------------|----------------------------------
  :8199   | ALL    | /api.json                      | github.com/gogf/gf/v2/net/ghttp.(*Server).openapiSpec                                                                     |                                  
----------|--------|--------------------------------|---------------------------------------------------------------------------------------------------------------------------|----------------------------------
  :8199   | DELETE | /frontend/collection           | shop-goframe-micro-service-refacotor/app/gateway-h5/internal/controller/interaction.(*ControllerV1).CollectionInfoDelete  | ghttp.MiddlewareHandlerResponse  
          |        |                                |                                                                                                                           | middleware.JWTAuth               
----------|--------|--------------------------------|---------------------------------------------------------------------------------------------------------------------------|----------------------------------
  :8199   | GET    | /frontend/collection           | shop-goframe-micro-service-refacotor/app/gateway-h5/internal/controller/interaction.(*ControllerV1).CollectionInfoGetList | ghttp.MiddlewareHandlerResponse  
          |        |                                |                                                                                                                           | middleware.JWTAuth               
----------|--------|--------------------------------|---------------------------------------------------------------------------------------------------------------------------|----------------------------------
  :8199   | POST   | /frontend/collection           | shop-goframe-micro-service-refacotor/app/gateway-h5/internal/controller/interaction.(*ControllerV1).CollectionInfoCreate  | ghttp.MiddlewareHandlerResponse  
          |        |                                |                                                                                                                           | middleware.JWTAuth               
----------|--------|--------------------------------|---------------------------------------------------------------------------------------------------------------------------|----------------------------------
  :8199   | DELETE | /frontend/comment              | shop-goframe-micro-service-refacotor/app/gateway-h5/internal/controller/interaction.(*ControllerV1).CommentInfoDelete     | ghttp.MiddlewareHandlerResponse  
          |        |                                |                                                                                                                           | middleware.JWTAuth               
----------|--------|--------------------------------|---------------------------------------------------------------------------------------------------------------------------|----------------------------------
  :8199   | GET    | /frontend/comment              | shop-goframe-micro-service-refacotor/app/gateway-h5/internal/controller/interaction.(*ControllerV1).CommentInfoGetList    | ghttp.MiddlewareHandlerResponse  
          |        |                                |                                                                                                                           | middleware.JWTAuth               
----------|--------|--------------------------------|---------------------------------------------------------------------------------------------------------------------------|----------------------------------
  :8199   | POST   | /frontend/comment              | shop-goframe-micro-service-refacotor/app/gateway-h5/internal/controller/interaction.(*ControllerV1).CommentInfoCreate     | ghttp.MiddlewareHandlerResponse  
          |        |                                |                                                                                                                           | middleware.JWTAuth               
----------|--------|--------------------------------|---------------------------------------------------------------------------------------------------------------------------|----------------------------------
  :8199   | DELETE | /frontend/consignee            | shop-goframe-micro-service-refacotor/app/gateway-h5/internal/controller/user.(*ControllerV1).ConsigneeInfoDelete          | ghttp.MiddlewareHandlerResponse  
----------|--------|--------------------------------|---------------------------------------------------------------------------------------------------------------------------|----------------------------------
  :8199   | GET    | /frontend/consignee            | shop-goframe-micro-service-refacotor/app/gateway-h5/internal/controller/user.(*ControllerV1).ConsigneeInfoGetList         | ghttp.MiddlewareHandlerResponse  
----------|--------|--------------------------------|---------------------------------------------------------------------------------------------------------------------------|----------------------------------
  :8199   | POST   | /frontend/consignee            | shop-goframe-micro-service-refacotor/app/gateway-h5/internal/controller/user.(*ControllerV1).ConsigneeInfoCreate          | ghttp.MiddlewareHandlerResponse  
----------|--------|--------------------------------|---------------------------------------------------------------------------------------------------------------------------|----------------------------------
  :8199   | PUT    | /frontend/consignee            | shop-goframe-micro-service-refacotor/app/gateway-h5/internal/controller/user.(*ControllerV1).ConsigneeInfoUpdate          | ghttp.MiddlewareHandlerResponse  
----------|--------|--------------------------------|---------------------------------------------------------------------------------------------------------------------------|----------------------------------
  :8199   | DELETE | /frontend/praise               | shop-goframe-micro-service-refacotor/app/gateway-h5/internal/controller/interaction.(*ControllerV1).PraiseInfoDelete      | ghttp.MiddlewareHandlerResponse  
          |        |                                |                                                                                                                           | middleware.JWTAuth               
----------|--------|--------------------------------|---------------------------------------------------------------------------------------------------------------------------|----------------------------------
  :8199   | GET    | /frontend/praise               | shop-goframe-micro-service-refacotor/app/gateway-h5/internal/controller/interaction.(*ControllerV1).PraiseInfoGetList     | ghttp.MiddlewareHandlerResponse  
          |        |                                |                                                                                                                           | middleware.JWTAuth               
----------|--------|--------------------------------|---------------------------------------------------------------------------------------------------------------------------|----------------------------------
  :8199   | POST   | /frontend/praise               | shop-goframe-micro-service-refacotor/app/gateway-h5/internal/controller/interaction.(*ControllerV1).PraiseInfoCreate      | ghttp.MiddlewareHandlerResponse  
          |        |                                |                                                                                                                           | middleware.JWTAuth               
----------|--------|--------------------------------|---------------------------------------------------------------------------------------------------------------------------|----------------------------------
  :8199   | GET    | /frontend/user/info            | shop-goframe-micro-service-refacotor/app/gateway-h5/internal/controller/user.(*ControllerV1).UserInfo                     | ghttp.MiddlewareHandlerResponse  
----------|--------|--------------------------------|---------------------------------------------------------------------------------------------------------------------------|----------------------------------
  :8199   | POST   | /frontend/user/login           | shop-goframe-micro-service-refacotor/app/gateway-h5/internal/controller/user.(*ControllerV1).UserInfoLogin                | ghttp.MiddlewareHandlerResponse  
----------|--------|--------------------------------|---------------------------------------------------------------------------------------------------------------------------|----------------------------------
  :8199   | POST   | /frontend/user/register        | shop-goframe-micro-service-refacotor/app/gateway-h5/internal/controller/user.(*ControllerV1).UserInfoRegister             | ghttp.MiddlewareHandlerResponse  
----------|--------|--------------------------------|---------------------------------------------------------------------------------------------------------------------------|----------------------------------
  :8199   | PUT    | /frontend/user/update/password | shop-goframe-micro-service-refacotor/app/gateway-h5/internal/controller/user.(*ControllerV1).UserInfoUpdatePassword       | ghttp.MiddlewareHandlerResponse  
----------|--------|--------------------------------|---------------------------------------------------------------------------------------------------------------------------|----------------------------------
  :8199   | ALL    | /swagger/*                     | github.com/gogf/gf/v2/net/ghttp.(*Server).swaggerUI                                                                       | HOOK_BEFORE_SERVE                
----------|--------|--------------------------------|---------------------------------------------------------------------------------------------------------------------------|----------------------------------

2025-08-14 15:55:22.961 [INFO] 公众号：王中阳：gateway-h5 swagger ui is serving at address: http://127.0.0.1:8199/swagger/
2025-08-14 15:55:22.962 [INFO] 公众号：王中阳：gateway-h5 pid[12424]: http server started listening on [:8199]
2025-08-14 15:55:22.962 [INFO] 公众号：王中阳：gateway-h5 openapi specification is serving at address: http://127.0.0.1:8199/api.json
2025-08-14 15:55:22.973 [DEBU] 公众号：王中阳：gateway-h5 service register: &{Head: Deployment: Namespace: Name:default Version: Endpoints:192.168.1.11:8199,172.31.128.1:8199,172.26.96.1:8199 Metadata:map[insecure:true protocol:http]}

  ADDRESS | METHOD |             ROUTE              |                                                          HANDLER                                                          |           MIDDLEWARE             
----------|--------|--------------------------------|---------------------------------------------------------------------------------------------------------------------------|----------------------------------
  :8199   | ALL    | /*                             | shop-goframe-micro-service-refacotor/utility/middleware.MiddlewareCORS                                                    | GLOBAL MIDDLEWARE                
----------|--------|--------------------------------|---------------------------------------------------------------------------------------------------------------------------|----------------------------------
  :8199   | ALL    | /api.json                      | github.com/gogf/gf/v2/net/ghttp.(*Server).openapiSpec                                                                     |                                  
----------|--------|--------------------------------|---------------------------------------------------------------------------------------------------------------------------|----------------------------------
  :8199   | DELETE | /frontend/collection           | shop-goframe-micro-service-refacotor/app/gateway-h5/internal/controller/interaction.(*ControllerV1).CollectionInfoDelete  | ghttp.MiddlewareHandlerResponse  
          |        |                                |                                                                                                                           | middleware.JWTAuth               
----------|--------|--------------------------------|---------------------------------------------------------------------------------------------------------------------------|----------------------------------
  :8199   | GET    | /frontend/collection           | shop-goframe-micro-service-refacotor/app/gateway-h5/internal/controller/interaction.(*ControllerV1).CollectionInfoGetList | ghttp.MiddlewareHandlerResponse  
          |        |                                |                                                                                                                           | middleware.JWTAuth               
----------|--------|--------------------------------|---------------------------------------------------------------------------------------------------------------------------|----------------------------------
  :8199   | POST   | /frontend/collection           | shop-goframe-micro-service-refacotor/app/gateway-h5/internal/controller/interaction.(*ControllerV1).CollectionInfoCreate  | ghttp.MiddlewareHandlerResponse  
          |        |                                |                                                                                                                           | middleware.JWTAuth               
----------|--------|--------------------------------|---------------------------------------------------------------------------------------------------------------------------|----------------------------------
  :8199   | DELETE | /frontend/comment              | shop-goframe-micro-service-refacotor/app/gateway-h5/internal/controller/interaction.(*ControllerV1).CommentInfoDelete     | ghttp.MiddlewareHandlerResponse  
          |        |                                |                                                                                                                           | middleware.JWTAuth               
----------|--------|--------------------------------|---------------------------------------------------------------------------------------------------------------------------|----------------------------------
  :8199   | GET    | /frontend/comment              | shop-goframe-micro-service-refacotor/app/gateway-h5/internal/controller/interaction.(*ControllerV1).CommentInfoGetList    | ghttp.MiddlewareHandlerResponse  
          |        |                                |                                                                                                                           | middleware.JWTAuth               
----------|--------|--------------------------------|---------------------------------------------------------------------------------------------------------------------------|----------------------------------
  :8199   | POST   | /frontend/comment              | shop-goframe-micro-service-refacotor/app/gateway-h5/internal/controller/interaction.(*ControllerV1).CommentInfoCreate     | ghttp.MiddlewareHandlerResponse  
          |        |                                |                                                                                                                           | middleware.JWTAuth               
----------|--------|--------------------------------|---------------------------------------------------------------------------------------------------------------------------|----------------------------------
  :8199   | DELETE | /frontend/consignee            | shop-goframe-micro-service-refacotor/app/gateway-h5/internal/controller/user.(*ControllerV1).ConsigneeInfoDelete          | ghttp.MiddlewareHandlerResponse  
----------|--------|--------------------------------|---------------------------------------------------------------------------------------------------------------------------|----------------------------------
  :8199   | GET    | /frontend/consignee            | shop-goframe-micro-service-refacotor/app/gateway-h5/internal/controller/user.(*ControllerV1).ConsigneeInfoGetList         | ghttp.MiddlewareHandlerResponse  
----------|--------|--------------------------------|---------------------------------------------------------------------------------------------------------------------------|----------------------------------
  :8199   | POST   | /frontend/consignee            | shop-goframe-micro-service-refacotor/app/gateway-h5/internal/controller/user.(*ControllerV1).ConsigneeInfoCreate          | ghttp.MiddlewareHandlerResponse  
----------|--------|--------------------------------|---------------------------------------------------------------------------------------------------------------------------|----------------------------------
  :8199   | PUT    | /frontend/consignee            | shop-goframe-micro-service-refacotor/app/gateway-h5/internal/controller/user.(*ControllerV1).ConsigneeInfoUpdate          | ghttp.MiddlewareHandlerResponse  
----------|--------|--------------------------------|---------------------------------------------------------------------------------------------------------------------------|----------------------------------
  :8199   | DELETE | /frontend/praise               | shop-goframe-micro-service-refacotor/app/gateway-h5/internal/controller/interaction.(*ControllerV1).PraiseInfoDelete      | ghttp.MiddlewareHandlerResponse  
          |        |                                |                                                                                                                           | middleware.JWTAuth               
----------|--------|--------------------------------|---------------------------------------------------------------------------------------------------------------------------|----------------------------------
  :8199   | GET    | /frontend/praise               | shop-goframe-micro-service-refacotor/app/gateway-h5/internal/controller/interaction.(*ControllerV1).PraiseInfoGetList     | ghttp.MiddlewareHandlerResponse  
          |        |                                |                                                                                                                           | middleware.JWTAuth               
----------|--------|--------------------------------|---------------------------------------------------------------------------------------------------------------------------|----------------------------------
  :8199   | POST   | /frontend/praise               | shop-goframe-micro-service-refacotor/app/gateway-h5/internal/controller/interaction.(*ControllerV1).PraiseInfoCreate      | ghttp.MiddlewareHandlerResponse  
          |        |                                |                                                                                                                           | middleware.JWTAuth               
----------|--------|--------------------------------|---------------------------------------------------------------------------------------------------------------------------|----------------------------------
  :8199   | GET    | /frontend/user/info            | shop-goframe-micro-service-refacotor/app/gateway-h5/internal/controller/user.(*ControllerV1).UserInfo                     | ghttp.MiddlewareHandlerResponse  
----------|--------|--------------------------------|---------------------------------------------------------------------------------------------------------------------------|----------------------------------
  :8199   | POST   | /frontend/user/login           | shop-goframe-micro-service-refacotor/app/gateway-h5/internal/controller/user.(*ControllerV1).UserInfoLogin                | ghttp.MiddlewareHandlerResponse  
----------|--------|--------------------------------|---------------------------------------------------------------------------------------------------------------------------|----------------------------------
  :8199   | POST   | /frontend/user/register        | shop-goframe-micro-service-refacotor/app/gateway-h5/internal/controller/user.(*ControllerV1).UserInfoRegister             | ghttp.MiddlewareHandlerResponse  
----------|--------|--------------------------------|---------------------------------------------------------------------------------------------------------------------------|----------------------------------
  :8199   | PUT    | /frontend/user/update/password | shop-goframe-micro-service-refacotor/app/gateway-h5/internal/controller/user.(*ControllerV1).UserInfoUpdatePassword       | ghttp.MiddlewareHandlerResponse  
----------|--------|--------------------------------|---------------------------------------------------------------------------------------------------------------------------|----------------------------------
  :8199   | ALL    | /swagger/*                     | github.com/gogf/gf/v2/net/ghttp.(*Server).swaggerUI                                                                       | HOOK_BEFORE_SERVE                
----------|--------|--------------------------------|---------------------------------------------------------------------------------------------------------------------------|----------------------------------

