2025-08-12 19:00:32.809 {30584084f4ff5a185fbc11195e6ff217} 公众号：王中阳：gateway-h5 200 "POST http 127.0.0.1:8199 /frontend/consignee HTTP/1.1" 2340046.700, 127.0.0.1, "", "Apifox/1.0.0 (https://apifox.com)", 1, "", ""
Stack:
1. context canceled
   1).  google.golang.org/grpc.getChainUnaryInvoker.func1.getChainUnaryInvoker.1
        C:/Users/Administrator/go/pkg/mod/google.golang.org/grpc@v1.74.2/clientconn.go:489
   2).  shop-goframe-micro-service-refacotor/utility/middleware.GrpcClientTimeout
        D:/Code/Goframe/shop-goframe-micro-service-refacotor/utility/middleware/middleware.go:32
   3).  google.golang.org/grpc.NewClient.chainUnaryClientInterceptors.func1
        C:/Users/Administrator/go/pkg/mod/google.golang.org/grpc@v1.74.2/clientconn.go:477
   4).  google.golang.org/grpc.(*ClientConn).Invoke
        C:/Users/Administrator/go/pkg/mod/google.golang.org/grpc@v1.74.2/call.go:35
   5).  shop-goframe-micro-service-refacotor/app/user/api/consignee_info/v1.(*consigneeInfoClient).Create
        D:/Code/Goframe/shop-goframe-micro-service-refacotor/app/user/api/consignee_info/v1/consignee_info_grpc.pb.go:60
   6).  shop-goframe-micro-service-refacotor/app/gateway-h5/internal/controller/user.(*ControllerV1).ConsigneeInfoCreate
        D:/Code/Goframe/shop-goframe-micro-service-refacotor/app/gateway-h5/internal/controller/user/user_v1_consignee_info_create.go:18
   7).  shop-goframe-micro-service-refacotor/utility/middleware.MiddlewareCORS
        D:/Code/Goframe/shop-goframe-micro-service-refacotor/utility/middleware/middleware.go:22

2025-08-12 19:00:37.954 {54c16a8ff5ff5a1860bc111986fd2551} 公众号：王中阳：gateway-h5 200 "GET http 127.0.0.1:8199 /frontend/consignee?page&size HTTP/1.1" 3001516.400, 127.0.0.1, "", "Apifox/1.0.0 (https://apifox.com)", 4, "", ""
Stack:
1. context deadline exceeded
   1).  google.golang.org/grpc.getChainUnaryInvoker.func1.getChainUnaryInvoker.1
        C:/Users/Administrator/go/pkg/mod/google.golang.org/grpc@v1.74.2/clientconn.go:489
   2).  shop-goframe-micro-service-refacotor/utility/middleware.GrpcClientTimeout
        D:/Code/Goframe/shop-goframe-micro-service-refacotor/utility/middleware/middleware.go:32
   3).  google.golang.org/grpc.NewClient.chainUnaryClientInterceptors.func1
        C:/Users/Administrator/go/pkg/mod/google.golang.org/grpc@v1.74.2/clientconn.go:477
   4).  google.golang.org/grpc.(*ClientConn).Invoke
        C:/Users/Administrator/go/pkg/mod/google.golang.org/grpc@v1.74.2/call.go:35
   5).  shop-goframe-micro-service-refacotor/app/user/api/consignee_info/v1.(*consigneeInfoClient).GetList
        D:/Code/Goframe/shop-goframe-micro-service-refacotor/app/user/api/consignee_info/v1/consignee_info_grpc.pb.go:50
   6).  shop-goframe-micro-service-refacotor/app/gateway-h5/internal/controller/user.(*ControllerV1).ConsigneeInfoGetList
        D:/Code/Goframe/shop-goframe-micro-service-refacotor/app/gateway-h5/internal/controller/user/user_v1_consignee_info_get_list.go:19
   7).  shop-goframe-micro-service-refacotor/utility/middleware.MiddlewareCORS
        D:/Code/Goframe/shop-goframe-micro-service-refacotor/utility/middleware/middleware.go:22

2025-08-12 19:01:03.949 公众号：王中阳：gateway-h5 pid[19056]: all servers shutdown
