2025-08-08T18:29:31.602+08:00 {a0c1f4bef0c35918a451604cc80b337f} 200 "GET http 127.0.0.1:8199 /frontend/consignee?page=1&size=10 HTTP/1.1" 3001311.900, 127.0.0.1, "", "Apifox/1.0.0 (https://apifox.com)", 4, "", ""
Stack:
1. context deadline exceeded
   1).  google.golang.org/grpc.getChainUnaryInvoker.func1.getChainUnaryInvoker.1
        C:/Users/Administrator/go/pkg/mod/google.golang.org/grpc@v1.74.2/clientconn.go:489
   2).  shop-goframe-micro-service-refacotor/utility.GrpcClientTimeout
        D:/Code/Goframe/shop-goframe-micro-service-refacotor/utility/middleware.go:32
   3).  google.golang.org/grpc.NewClient.chainUnaryClientInterceptors.func1
        C:/Users/Administrator/go/pkg/mod/google.golang.org/grpc@v1.74.2/clientconn.go:477
   4).  google.golang.org/grpc.(*ClientConn).Invoke
        C:/Users/Administrator/go/pkg/mod/google.golang.org/grpc@v1.74.2/call.go:35
   5).  shop-goframe-micro-service-refacotor/app/user/api/consignee_info/v1.(*consigneeInfoClient).GetList
        D:/Code/Goframe/shop-goframe-micro-service-refacotor/app/user/api/consignee_info/v1/consignee_info_grpc.pb.go:50
   6).  shop-goframe-micro-service-refacotor/app/gateway-h5/internal/controller/user.(*ControllerV1).ConsigneeInfoGetList
        D:/Code/Goframe/shop-goframe-micro-service-refacotor/app/gateway-h5/internal/controller/user/user_v1_consignee_info_get_list.go:19
   7).  shop-goframe-micro-service-refacotor/utility.MiddlewareCORS
        D:/Code/Goframe/shop-goframe-micro-service-refacotor/utility/middleware.go:22

2025-08-08T18:30:29.686+08:00 {b4ff1345fec35918a551604cd89a62a1} 200 "GET http 127.0.0.1:8199 /frontend/consignee?page=1&size=10 HTTP/1.1" 3000798.900, 127.0.0.1, "", "Apifox/1.0.0 (https://apifox.com)", 4, "", ""
Stack:
1. context deadline exceeded
   1).  google.golang.org/grpc.getChainUnaryInvoker.func1.getChainUnaryInvoker.1
        C:/Users/Administrator/go/pkg/mod/google.golang.org/grpc@v1.74.2/clientconn.go:489
   2).  shop-goframe-micro-service-refacotor/utility.GrpcClientTimeout
        D:/Code/Goframe/shop-goframe-micro-service-refacotor/utility/middleware.go:32
   3).  google.golang.org/grpc.NewClient.chainUnaryClientInterceptors.func1
        C:/Users/Administrator/go/pkg/mod/google.golang.org/grpc@v1.74.2/clientconn.go:477
   4).  google.golang.org/grpc.(*ClientConn).Invoke
        C:/Users/Administrator/go/pkg/mod/google.golang.org/grpc@v1.74.2/call.go:35
   5).  shop-goframe-micro-service-refacotor/app/user/api/consignee_info/v1.(*consigneeInfoClient).GetList
        D:/Code/Goframe/shop-goframe-micro-service-refacotor/app/user/api/consignee_info/v1/consignee_info_grpc.pb.go:50
   6).  shop-goframe-micro-service-refacotor/app/gateway-h5/internal/controller/user.(*ControllerV1).ConsigneeInfoGetList
        D:/Code/Goframe/shop-goframe-micro-service-refacotor/app/gateway-h5/internal/controller/user/user_v1_consignee_info_get_list.go:19
   7).  shop-goframe-micro-service-refacotor/utility.MiddlewareCORS
        D:/Code/Goframe/shop-goframe-micro-service-refacotor/utility/middleware.go:22

2025-08-08T18:34:49.715+08:00 service deregister: &{Service:0xc0000de1c0 Endpoints:192.168.1.5:8199,172.24.0.1:8199 Metadata:map[insecure:true protocol:http]}
2025-08-08T18:34:49.719+08:00 pid[23208]: all servers shutdown
