[2025-10-11 20:58:11] ==========================================
[2025-10-11 20:58:11] 开始重新构建单个服务: goods-service
[2025-10-11 20:58:11] ==========================================
[2025-10-11 20:58:12] 步骤1: 检查服务当前状态
NAME            IMAGE                                                COMMAND     SERVICE         CREATED       STATUS                 PORTS
goods-service   shop-goframe-micro-service-refacotor-goods-service   "./goods"   goods-service   3 hours ago   Up 3 hours (healthy)   0.0.0.0:31004->31004/tcp, :::31004->31004/tcp
[2025-10-11 20:58:12] 停止 goods-service 服务...
 Container goods-service  Stopping
 Container goods-service  Stopped
[2025-10-11 20:58:13] ✅ goods-service 服务停止成功
[2025-10-11 20:58:13] 清理 goods-service 相关的容器...
[2025-10-11 20:58:14] 查找 goods-service 相关的镜像...
[2025-10-11 20:58:14] 找到以下相关镜像，将被删除：
shop-goframe-micro-service-refacotor-goods-service:latest
[2025-10-11 20:58:14] 删除镜像: shop-goframe-micro-service-refacotor-goods-service:latest
[2025-10-11 20:58:14] ✅ 镜像删除成功: shop-goframe-micro-service-refacotor-goods-service:latest
[2025-10-11 20:58:14] 构建 goods-service 服务...
[2025-10-11 21:01:44] ✅ goods-service 服务构建成功
[2025-10-11 21:01:44] 启动 goods-service 服务...
 Container redis  Running
 Container etcd  Running
 Container mysql  Running
 Container goods-service  Creating
 Container goods-service  Created
 Container redis  Waiting
 Container etcd  Waiting
 Container mysql  Waiting
 Container mysql  Healthy
 Container redis  Healthy
 Container etcd  Healthy
 Container goods-service  Starting
 Container goods-service  Started
[2025-10-11 21:01:45] ✅ goods-service 服务启动成功
[2025-10-11 21:01:45] 步骤6: 等待服务启动...
[2025-10-11 21:02:00] 步骤7: 最终状态检查
NAME            IMAGE                                                COMMAND     SERVICE         CREATED          STATUS                             PORTS
goods-service   shop-goframe-micro-service-refacotor-goods-service   "./goods"   goods-service   17 seconds ago   Up 15 seconds (health: starting)   0.0.0.0:31004->31004/tcp, :::31004->31004/tcp
[2025-10-11 21:02:01] ✅ 健康检查通过: http://localhost:31004/
