[2025-10-11 11:40:44] ==========================================
[2025-10-11 11:40:44] 开始重新构建单个服务: goods-service
[2025-10-11 11:40:44] ==========================================
[2025-10-11 11:40:44] 步骤1: 检查服务当前状态
NAME            IMAGE                                                COMMAND     SERVICE         CREATED       STATUS                 PORTS
goods-service   shop-goframe-micro-service-refacotor-goods-service   "./goods"   goods-service   11 days ago   Up 11 days (healthy)   0.0.0.0:31004->31004/tcp, :::31004->31004/tcp
[2025-10-11 11:40:44] 停止 goods-service 服务...
 Container goods-service  Stopping
 Container goods-service  Stopped
[2025-10-11 11:40:46] ✅ goods-service 服务停止成功
[2025-10-11 11:40:46] 查找 goods-service 相关的镜像...
[2025-10-11 11:40:46] 找到以下相关镜像，将被删除：
shop-goframe-micro-service-refacotor-goods-service:latest
[2025-10-11 11:40:46] 删除镜像: shop-goframe-micro-service-refacotor-goods-service:latest
[2025-10-11 11:40:46] 无法删除镜像 shop-goframe-micro-service-refacotor-goods-service:latest（可能正在被使用）
[2025-10-11 11:40:46] 构建 goods-service 服务...
[2025-10-11 11:44:58] ✅ goods-service 服务构建成功
[2025-10-11 11:44:58] 启动 goods-service 服务...
 Container redis  Running
 Container mysql  Recreate
 Container etcd  Recreate
Error response from daemon: Conflict. The container name "/18486930c543_etcd" is already in use by container "2cba5b4d517587320b9e856c7b6668205e67b9bce82d2703569b7f0bf57a8309". You have to remove (or rename) that container to be able to reuse that name.
[2025-10-11 11:44:58] ❌ goods-service 服务启动失败
