[2025-10-11 11:59:33] ==========================================
[2025-10-11 11:59:33] 开始重新构建所有服务
[2025-10-11 11:59:33] ==========================================
[2025-10-11 11:59:33] 步骤1: 检查服务当前状态
NAME                  IMAGE                                                      COMMAND                  SERVICE               CREATED        STATUS                  PORTS
banner-service        shop-goframe-micro-service-refacotor-banner-service        "./banner"               banner-service        2 weeks ago    Up 2 weeks (healthy)    0.0.0.0:31006->31006/tcp, :::31006->31006/tcp
elasticsearch         docker.elastic.co/elasticsearch/elasticsearch:8.11.0       "/bin/tini -- /usr/l…"   elasticsearch         2 weeks ago    Up 2 weeks (healthy)    0.0.0.0:9200->9200/tcp, :::9200->9200/tcp, 0.0.0.0:9300->9300/tcp, :::9300->9300/tcp
etcd                  quay.io/coreos/etcd:v3.5.0                                 "/usr/local/bin/etcd"    etcd                  2 weeks ago    Up 2 weeks (healthy)    0.0.0.0:2379->2379/tcp, :::2379->2379/tcp, 2380/tcp
gateway-h5            shop-goframe-micro-service-refacotor-gateway-h5            "./gateway-h5"           gateway-h5            15 hours ago   Up 15 hours (healthy)   0.0.0.0:8199->8199/tcp, :::8199->8199/tcp
gateway-resource      shop-goframe-micro-service-refacotor-gateway-resource      "./gateway-resource"     gateway-resource      15 hours ago   Up 15 hours (healthy)   0.0.0.0:8399->8399/tcp, :::8399->8399/tcp
interaction-service   shop-goframe-micro-service-refacotor-interaction-service   "./interaction"          interaction-service   2 weeks ago    Up 2 weeks (healthy)    0.0.0.0:31002->31002/tcp, :::31002->31002/tcp
kibana                docker.elastic.co/kibana/kibana:8.11.0                     "/bin/tini -- /usr/l…"   kibana                2 weeks ago    Up 2 weeks (healthy)    0.0.0.0:5601->5601/tcp, :::5601->5601/tcp
manage-service        shop-goframe-micro-service-refacotor-manage-service        "./main"                 manage-service        22 hours ago   Up 22 hours (healthy)   0.0.0.0:8808->8808/tcp, :::8808->8808/tcp
mysql                 mysql:8.0                                                  "docker-entrypoint.s…"   mysql                 2 weeks ago    Up 2 weeks (healthy)    0.0.0.0:3306->3306/tcp, :::3306->3306/tcp, 33060/tcp
mysql-backup          mysql:8.0                                                  "docker-entrypoint.s…"   mysql-backup          2 weeks ago    Up 2 weeks              3306/tcp, 33060/tcp
nginx-proxy           nginx:alpine                                               "/docker-entrypoint.…"   nginx-proxy           20 hours ago   Up 20 hours (healthy)   0.0.0.0:80->80/tcp, :::80->80/tcp, 0.0.0.0:443->443/tcp, :::443->443/tcp
order-service         shop-goframe-micro-service-refacotor-order-service         "./order"                order-service         12 days ago    Up 12 days (healthy)    0.0.0.0:31005->31005/tcp, :::31005->31005/tcp
rabbitmq              rabbitmq:4.1.0-management-alpine                           "docker-entrypoint.s…"   rabbitmq              2 weeks ago    Up 2 weeks (healthy)    4369/tcp, 5671/tcp, 0.0.0.0:5672->5672/tcp, :::5672->5672/tcp, 15671/tcp, 15691-15692/tcp, 25672/tcp, 0.0.0.0:15672->15672/tcp, :::15672->15672/tcp
redis                 redis:7-alpine                                             "docker-entrypoint.s…"   redis                 2 weeks ago    Up 2 weeks (healthy)    0.0.0.0:6379->6379/tcp, :::6379->6379/tcp
user-service          shop-goframe-micro-service-refacotor-user-service          "./user"                 user-service          15 hours ago   Up 15 hours (healthy)   0.0.0.0:31001->31001/tcp, :::31001->31001/tcp
[2025-10-11 11:59:33] 步骤2: 停止本项目的服务（如果存在）
[2025-10-11 11:59:33] 停止 gateway-h5 服务...
 Container gateway-h5  Stopping
 Container gateway-h5  Stopped
[2025-10-11 11:59:34] ✅ gateway-h5 服务停止成功
[2025-10-11 11:59:34] 停止 gateway-resource 服务...
 Container gateway-resource  Stopping
 Container gateway-resource  Stopped
[2025-10-11 11:59:34] ✅ gateway-resource 服务停止成功
[2025-10-11 11:59:34] 停止 manage-service 服务...
 Container manage-service  Stopping
 Container manage-service  Stopped
[2025-10-11 11:59:35] ✅ manage-service 服务停止成功
[2025-10-11 11:59:35] 停止 user-service 服务...
 Container user-service  Stopping
 Container user-service  Stopped
[2025-10-11 11:59:36] ✅ user-service 服务停止成功
[2025-10-11 11:59:36] 停止 goods-service 服务...
 Container goods-service  Stopping
 Container goods-service  Stopped
[2025-10-11 11:59:37] ✅ goods-service 服务停止成功
[2025-10-11 11:59:37] 停止 order-service 服务...
 Container order-service  Stopping
 Container order-service  Stopped
[2025-10-11 11:59:38] ✅ order-service 服务停止成功
[2025-10-11 11:59:38] 停止 interaction-service 服务...
 Container interaction-service  Stopping
 Container interaction-service  Stopped
[2025-10-11 11:59:41] ✅ interaction-service 服务停止成功
[2025-10-11 11:59:41] 停止 search-service 服务...
 Container search-service  Stopping
 Container search-service  Stopped
[2025-10-11 11:59:41] ✅ search-service 服务停止成功
[2025-10-11 11:59:41] 停止 banner-service 服务...
 Container banner-service  Stopping
 Container banner-service  Stopped
[2025-10-11 11:59:43] ✅ banner-service 服务停止成功
[2025-10-11 11:59:43] 步骤3: 安全清理 - 只删除本项目相关的镜像
[2025-10-11 11:59:43] 查找本项目相关的镜像...
[2025-10-11 11:59:43] 找到以下本项目镜像，将被删除：
shop-goframe-micro-service-refacotor-goods-service:latest
shop-goframe-micro-service-refacotor-gateway-h5:latest
shop-goframe-micro-service-refacotor-user-service:latest
shop-goframe-micro-service-refacotor-gateway-resource:latest
shop-goframe-micro-service-refacotor-order-service:latest
shop-goframe-micro-service-refacotor-manage-service:latest
shop-goframe-micro-service-refacotor-banner-service:latest
shop-goframe-micro-service-refacotor-search-service:latest
shop-goframe-micro-service-refacotor-interaction-service:latest
[2025-10-11 11:59:43] 删除镜像: shop-goframe-micro-service-refacotor-goods-service:latest
[2025-10-11 11:59:43] 删除镜像: shop-goframe-micro-service-refacotor-gateway-h5:latest
[2025-10-11 11:59:43] 无法删除镜像 shop-goframe-micro-service-refacotor-gateway-h5:latest（可能正在被使用）
[2025-10-11 11:59:43] 删除镜像: shop-goframe-micro-service-refacotor-user-service:latest
[2025-10-11 11:59:43] 无法删除镜像 shop-goframe-micro-service-refacotor-user-service:latest（可能正在被使用）
[2025-10-11 11:59:43] 删除镜像: shop-goframe-micro-service-refacotor-gateway-resource:latest
[2025-10-11 11:59:43] 无法删除镜像 shop-goframe-micro-service-refacotor-gateway-resource:latest（可能正在被使用）
[2025-10-11 11:59:43] 删除镜像: shop-goframe-micro-service-refacotor-order-service:latest
[2025-10-11 11:59:43] 无法删除镜像 shop-goframe-micro-service-refacotor-order-service:latest（可能正在被使用）
[2025-10-11 11:59:43] 删除镜像: shop-goframe-micro-service-refacotor-manage-service:latest
[2025-10-11 11:59:43] 无法删除镜像 shop-goframe-micro-service-refacotor-manage-service:latest（可能正在被使用）
[2025-10-11 11:59:43] 删除镜像: shop-goframe-micro-service-refacotor-banner-service:latest
[2025-10-11 11:59:43] 无法删除镜像 shop-goframe-micro-service-refacotor-banner-service:latest（可能正在被使用）
[2025-10-11 11:59:43] 删除镜像: shop-goframe-micro-service-refacotor-search-service:latest
[2025-10-11 11:59:43] 无法删除镜像 shop-goframe-micro-service-refacotor-search-service:latest（可能正在被使用）
[2025-10-11 11:59:43] 删除镜像: shop-goframe-micro-service-refacotor-interaction-service:latest
[2025-10-11 11:59:43] 无法删除镜像 shop-goframe-micro-service-refacotor-interaction-service:latest（可能正在被使用）
[2025-10-11 11:59:44] 步骤4: 构建服务（逐个构建，便于错误处理）
[2025-10-11 11:59:44] 构建 gateway-h5 服务...
