[2025-10-11 14:44:51] ==========================================
[2025-10-11 14:44:51] 开始重新构建单个服务: goods-service
[2025-10-11 14:44:51] ==========================================
[2025-10-11 14:44:51] 步骤1: 检查服务当前状态
NAME      IMAGE     COMMAND   SERVICE   CREATED   STATUS    PORTS
[2025-10-11 14:44:51] 停止 goods-service 服务...
 Container goods-service  Stopping
 Container goods-service  Stopped
[2025-10-11 14:44:51] ✅ goods-service 服务停止成功
[2025-10-11 14:44:51] 清理 goods-service 相关的容器...
[2025-10-11 14:44:52] 查找 goods-service 相关的镜像...
[2025-10-11 14:44:52] 没有找到 goods-service 相关的镜像需要清理
[2025-10-11 14:44:52] 构建 goods-service 服务...
[2025-10-11 14:50:26] ✅ goods-service 服务构建成功
[2025-10-11 14:50:26] 启动 goods-service 服务...
 Container redis  Running
 Container 18486930c543_etcd  Stopping
 Container 996d3d7b12a1_mysql  Stopping
 Container etcd  Recreate
 Container mysql  Recreate
 Container 18486930c543_etcd  Stopped
 Container 18486930c543_etcd  Removing
 Container 996d3d7b12a1_mysql  Stopped
 Container 996d3d7b12a1_mysql  Removing
 Container 18486930c543_etcd  Removed
 Container 996d3d7b12a1_mysql  Error while Removing
Error response from daemon: Conflict. The container name "/18486930c543_etcd" is already in use by container "2cba5b4d517587320b9e856c7b6668205e67b9bce82d2703569b7f0bf57a8309". You have to remove (or rename) that container to be able to reuse that name.
[2025-10-11 14:50:27] ❌ goods-service 服务启动失败
