[2025-09-29 12:08:32] ==========================================
[2025-09-29 12:08:32] 开始重新构建单个服务: goods-service
[2025-09-29 12:08:32] ==========================================
[2025-09-29 12:08:32] 步骤1: 检查服务当前状态
NAME      IMAGE     COMMAND   SERVICE   CREATED   STATUS    PORTS
[2025-09-29 12:08:32] 停止 goods-service 服务...
 Container goods-service  Stopping
 Container goods-service  Stopped
[2025-09-29 12:08:32] ✅ goods-service 服务停止成功
[2025-09-29 12:08:32] 查找 goods-service 相关的镜像...
[2025-09-29 12:08:32] 没有找到 goods-service 相关的镜像需要清理
[2025-09-29 12:08:32] 构建 goods-service 服务...
[2025-09-29 12:11:14] ✅ goods-service 服务构建成功
[2025-09-29 12:11:14] 启动 goods-service 服务...
 Container etcd  Running
 Container mysql  Running
 Container redis  Running
 Container goods-service  Recreate
 Container goods-service  Recreated
 Container etcd  Waiting
 Container mysql  Waiting
 Container redis  Waiting
 Container etcd  Healthy
 Container redis  Healthy
 Container mysql  Healthy
 Container goods-service  Starting
 Container goods-service  Started
[2025-09-29 12:11:15] ✅ goods-service 服务启动成功
[2025-09-29 12:11:15] 步骤6: 等待服务启动...
[2025-09-29 12:11:30] 步骤7: 最终状态检查
NAME            IMAGE                                                COMMAND     SERVICE         CREATED          STATUS                             PORTS
goods-service   shop-goframe-micro-service-refacotor-goods-service   "./goods"   goods-service   16 seconds ago   Up 15 seconds (health: starting)   0.0.0.0:31004->31004/tcp, :::31004->31004/tcp
[2025-09-29 12:11:30] ✅ 健康检查通过: http://localhost:31004/
