[2025-10-11 11:43:25] ==========================================
[2025-10-11 11:43:25] 开始重新构建单个服务: goods-service
[2025-10-11 11:43:25] ==========================================
[2025-10-11 11:43:25] 步骤1: 检查服务当前状态
NAME      IMAGE     COMMAND   SERVICE   CREATED   STATUS    PORTS
[2025-10-11 11:43:25] 停止 goods-service 服务...
 Container goods-service  Stopping
 Container goods-service  Stopped
[2025-10-11 11:43:25] ✅ goods-service 服务停止成功
[2025-10-11 11:43:25] 查找 goods-service 相关的镜像...
[2025-10-11 11:43:25] 找到以下相关镜像，将被删除：
shop-goframe-micro-service-refacotor-goods-service:latest
[2025-10-11 11:43:25] 删除镜像: shop-goframe-micro-service-refacotor-goods-service:latest
[2025-10-11 11:43:25] 无法删除镜像 shop-goframe-micro-service-refacotor-goods-service:latest（可能正在被使用）
[2025-10-11 11:43:25] 构建 goods-service 服务...
[2025-10-11 11:44:58] ✅ goods-service 服务构建成功
[2025-10-11 11:44:58] 启动 goods-service 服务...
 Container etcd  Recreate
 Container mysql  Recreate
 Container redis  Running
Error response from daemon: Conflict. The container name "/996d3d7b12a1_mysql" is already in use by container "939feb462a2b814bf276030323575fac5482b8f5f1ad16ed3fec84a236bacf35". You have to remove (or rename) that container to be able to reuse that name.
[2025-10-11 11:44:58] ❌ goods-service 服务启动失败
