[2025-10-10 20:42:57] ==========================================
[2025-10-10 20:42:57] 开始重新构建单个服务: gateway-h5
[2025-10-10 20:42:57] ==========================================
[2025-10-10 20:42:57] 步骤1: 检查服务当前状态
NAME         IMAGE                                             COMMAND          SERVICE      CREATED        STATUS                  PORTS
gateway-h5   shop-goframe-micro-service-refacotor-gateway-h5   "./gateway-h5"   gateway-h5   22 hours ago   Up 22 hours (healthy)   0.0.0.0:8199->8199/tcp, :::8199->8199/tcp
[2025-10-10 20:42:57] 停止 gateway-h5 服务...
 Container gateway-h5  Stopping
 Container gateway-h5  Stopped
[2025-10-10 20:42:58] ✅ gateway-h5 服务停止成功
[2025-10-10 20:42:58] 查找 gateway-h5 相关的镜像...
[2025-10-10 20:42:58] 找到以下相关镜像，将被删除：
shop-goframe-micro-service-refacotor-gateway-h5:latest
[2025-10-10 20:42:58] 删除镜像: shop-goframe-micro-service-refacotor-gateway-h5:latest
[2025-10-10 20:42:58] 无法删除镜像 shop-goframe-micro-service-refacotor-gateway-h5:latest（可能正在被使用）
[2025-10-10 20:42:58] 构建 gateway-h5 服务...
[2025-10-10 20:47:36] ✅ gateway-h5 服务构建成功
[2025-10-10 20:47:36] 启动 gateway-h5 服务...
 Container etcd  Running
 Container gateway-h5  Recreate
 Container gateway-h5  Recreated
 Container etcd  Waiting
 Container etcd  Healthy
 Container gateway-h5  Starting
 Container gateway-h5  Started
[2025-10-10 20:47:37] ✅ gateway-h5 服务启动成功
[2025-10-10 20:47:37] 步骤6: 等待服务启动...
[2025-10-10 20:47:52] 步骤7: 最终状态检查
NAME         IMAGE                                             COMMAND          SERVICE      CREATED          STATUS                             PORTS
gateway-h5   shop-goframe-micro-service-refacotor-gateway-h5   "./gateway-h5"   gateway-h5   17 seconds ago   Up 15 seconds (health: starting)   0.0.0.0:8199->8199/tcp, :::8199->8199/tcp
[2025-10-10 20:47:53] ✅ 健康检查通过: http://localhost:8199/api.json
