[2025-10-10 21:11:54] ==========================================
[2025-10-10 21:11:54] 开始重新构建单个服务: user-service
[2025-10-10 21:11:54] ==========================================
[2025-10-10 21:11:54] 步骤1: 检查服务当前状态
NAME      IMAGE     COMMAND   SERVICE   CREATED   STATUS    PORTS
[2025-10-10 21:11:54] 停止 user-service 服务...
 Container user-service  Stopping
 Container user-service  Stopped
[2025-10-10 21:11:54] ✅ user-service 服务停止成功
[2025-10-10 21:11:54] 查找 user-service 相关的镜像...
[2025-10-10 21:11:54] 找到以下相关镜像，将被删除：
shop-goframe-micro-service-refacotor-user-service:latest
[2025-10-10 21:11:54] 删除镜像: shop-goframe-micro-service-refacotor-user-service:latest
[2025-10-10 21:11:54] 无法删除镜像 shop-goframe-micro-service-refacotor-user-service:latest（可能正在被使用）
[2025-10-10 21:11:54] 构建 user-service 服务...
[2025-10-10 21:14:51] ✅ user-service 服务构建成功
[2025-10-10 21:14:51] 启动 user-service 服务...
 Container etcd  Running
 Container mysql  Running
 Container user-service  Recreate
 Container user-service  Recreated
 Container mysql  Waiting
 Container etcd  Waiting
 Container mysql  Healthy
 Container etcd  Healthy
 Container user-service  Starting
 Container user-service  Started
[2025-10-10 21:14:52] ✅ user-service 服务启动成功
[2025-10-10 21:14:52] 步骤6: 等待服务启动...
[2025-10-10 21:15:07] 步骤7: 最终状态检查
NAME           IMAGE                                               COMMAND    SERVICE        CREATED          STATUS                             PORTS
user-service   shop-goframe-micro-service-refacotor-user-service   "./user"   user-service   17 seconds ago   Up 15 seconds (health: starting)   0.0.0.0:31001->31001/tcp, :::31001->31001/tcp
[2025-10-10 21:15:08] ✅ 健康检查通过: http://localhost:31001/
