[2025-10-14 08:35:38] ==========================================
[2025-10-14 08:35:38] 开始重新构建单个服务: search-service
[2025-10-14 08:35:38] ==========================================
[2025-10-14 08:35:38] 步骤1: 检查服务当前状态
NAME             IMAGE                                                 COMMAND      SERVICE          CREATED        STATUS                  PORTS
search-service   shop-goframe-micro-service-refacotor-search-service   "./search"   search-service   12 hours ago   Up 12 hours (healthy)   0.0.0.0:8499->8499/tcp, :::8499->8499/tcp
[2025-10-14 08:35:39] 停止 search-service 服务...
 Container search-service  Stopping
 Container search-service  Stopped
[2025-10-14 08:35:39] ✅ search-service 服务停止成功
[2025-10-14 08:35:39] 清理 search-service 相关的容器...
[2025-10-14 08:35:40] 查找 search-service 相关的镜像...
[2025-10-14 08:35:40] 找到以下相关镜像，将被删除：
shop-goframe-micro-service-refacotor-search-service:latest
[2025-10-14 08:35:40] 删除镜像: shop-goframe-micro-service-refacotor-search-service:latest
[2025-10-14 08:35:40] ✅ 镜像删除成功: shop-goframe-micro-service-refacotor-search-service:latest
[2025-10-14 08:35:40] 构建 search-service 服务...
[2025-10-14 08:40:18] ✅ search-service 服务构建成功
[2025-10-14 08:40:18] 启动 search-service 服务...
 Container etcd  Running
 Container mysql  Running
 Container elasticsearch  Running
 Container search-service  Creating
 Container search-service  Created
 Container elasticsearch  Waiting
 Container mysql  Waiting
 Container etcd  Waiting
 Container elasticsearch  Healthy
 Container mysql  Healthy
 Container etcd  Healthy
 Container search-service  Starting
 Container search-service  Started
[2025-10-14 08:40:19] ✅ search-service 服务启动成功
[2025-10-14 08:40:19] 步骤6: 等待服务启动...
[2025-10-14 08:40:34] 步骤7: 最终状态检查
NAME             IMAGE                                                 COMMAND      SERVICE          CREATED          STATUS                             PORTS
search-service   shop-goframe-micro-service-refacotor-search-service   "./search"   search-service   17 seconds ago   Up 15 seconds (health: starting)   0.0.0.0:8499->8499/tcp, :::8499->8499/tcp
[2025-10-14 08:40:35] ⚠️  健康检查失败: http://localhost:8499/
