[2025-09-28 12:38:35] ==========================================
[2025-09-28 12:38:35] 开始重新构建单个服务: gateway-h5
[2025-09-28 12:38:35] ==========================================
[2025-09-28 12:38:35] 步骤1: 检查服务当前状态
NAME         IMAGE                                             COMMAND          SERVICE      CREATED        STATUS                  PORTS
gateway-h5   shop-goframe-micro-service-refacotor-gateway-h5   "./gateway-h5"   gateway-h5   36 hours ago   Up 36 hours (healthy)   0.0.0.0:8199->8199/tcp, :::8199->8199/tcp
[2025-09-28 12:38:35] 停止 gateway-h5 服务...
 Container gateway-h5  Stopping
 Container gateway-h5  Stopped
[2025-09-28 12:38:36] ✅ gateway-h5 服务停止成功
[2025-09-28 12:38:36] 查找 gateway-h5 相关的镜像...
[2025-09-28 12:38:36] 没有找到 gateway-h5 相关的镜像需要清理
[2025-09-28 12:38:36] 构建 gateway-h5 服务...
[2025-09-28 12:44:24] ✅ gateway-h5 服务构建成功
[2025-09-28 12:44:24] 启动 gateway-h5 服务...
 Container etcd  Running
 Container gateway-h5  Recreate
 Container gateway-h5  Recreated
 Container etcd  Waiting
 Container etcd  Healthy
 Container gateway-h5  Starting
 Container gateway-h5  Started
[2025-09-28 12:44:25] ✅ gateway-h5 服务启动成功
[2025-09-28 12:44:25] 步骤6: 等待服务启动...
[2025-09-28 12:44:40] 步骤7: 最终状态检查
NAME         IMAGE                                             COMMAND          SERVICE      CREATED          STATUS                             PORTS
gateway-h5   shop-goframe-micro-service-refacotor-gateway-h5   "./gateway-h5"   gateway-h5   16 seconds ago   Up 15 seconds (health: starting)   0.0.0.0:8199->8199/tcp, :::8199->8199/tcp
[2025-09-28 12:44:40] ✅ 健康检查通过: http://localhost:8199/api.json
